TN:
SF:src\js-foundation\01-template.ts
FNF:0
FNH:0
DA:1,1
DA:2,1
DA:3,1
DA:4,1
DA:5,1
DA:6,1
DA:7,1
DA:8,1
LF:8
LH:8
BRF:0
BRH:0
end_of_record
TN:
SF:src\js-foundation\02-destructuring.ts
FNF:0
FNH:0
DA:1,1
DA:2,1
DA:3,1
DA:4,1
DA:5,1
DA:6,1
DA:7,1
DA:8,1
DA:9,1
DA:10,1
DA:11,1
LF:11
LH:11
BRF:0
BRH:0
end_of_record
TN:
SF:src\js-foundation\03-callbacks.ts
FN:18,getUserById
FNF:1
FNH:1
FNDA:2,getUserById
DA:1,1
DA:2,1
DA:3,1
DA:4,1
DA:5,1
DA:6,1
DA:7,1
DA:8,1
DA:9,1
DA:10,1
DA:11,1
DA:12,1
DA:13,1
DA:14,1
DA:15,1
DA:16,1
DA:17,1
DA:18,2
DA:19,2
DA:20,2
DA:21,3
DA:22,2
DA:23,2
DA:24,2
DA:25,1
DA:26,1
DA:27,1
DA:28,1
DA:29,1
LF:29
LH:29
BRDA:18,0,0,2
BRDA:24,1,0,1
BRDA:20,2,0,3
BRF:3
BRH:3
end_of_record
TN:
SF:src\js-foundation\05-factory.ts
FN:18,buildMakePerson
FNF:1
FNH:1
FNDA:2,buildMakePerson
DA:1,1
DA:2,1
DA:3,1
DA:4,1
DA:5,1
DA:6,1
DA:7,1
DA:8,1
DA:9,1
DA:10,1
DA:11,1
DA:12,1
DA:13,1
DA:14,1
DA:15,1
DA:16,1
DA:17,1
DA:18,1
DA:19,2
DA:20,2
DA:21,1
DA:22,1
DA:23,1
DA:24,1
DA:25,1
DA:26,1
DA:27,1
DA:28,1
DA:29,2
DA:30,1
DA:31,1
DA:32,1
DA:33,1
DA:34,1
DA:35,1
LF:35
LH:35
BRDA:18,0,0,2
BRDA:20,1,0,1
BRF:2
BRH:2
end_of_record
TN:
SF:src\js-foundation\06-promesas.ts
FN:6,getPokemonById
FNF:1
FNH:1
FNDA:2,getPokemonById
DA:1,1
DA:2,1
DA:3,1
DA:4,1
DA:5,1
DA:6,1
DA:7,2
DA:8,2
DA:9,2
DA:10,2
DA:11,2
DA:12,1
DA:13,1
DA:14,1
DA:15,1
DA:16,1
DA:17,2
DA:18,2
DA:19,2
LF:19
LH:19
BRDA:6,0,0,2
BRDA:6,1,0,2
BRDA:12,2,0,1
BRF:3
BRH:3
end_of_record
TN:
SF:src\js-foundation\plugins\get-age.plugin.ts
FN:5,getAge
FNF:1
FNH:1
FNDA:3,getAge
DA:1,1
DA:2,1
DA:3,1
DA:4,1
DA:5,1
DA:6,3
DA:7,3
DA:8,3
DA:9,3
DA:10,3
DA:11,3
DA:12,3
LF:12
LH:12
BRDA:5,0,0,3
BRDA:7,1,0,0
BRF:2
BRH:1
end_of_record
TN:
SF:src\js-foundation\plugins\get-id.plugin.ts
FN:5,getUUID
FNF:1
FNH:1
FNDA:1,getUUID
DA:1,1
DA:2,1
DA:3,1
DA:4,1
DA:5,1
DA:6,1
DA:7,1
DA:8,1
DA:9,1
LF:9
LH:9
BRDA:5,0,0,1
BRF:1
BRH:1
end_of_record
TN:
SF:src\js-foundation\plugins\http-client.plugin.ts
FN:5,get
FN:17,post
FN:20,put
FN:23,delete
FNF:4
FNH:1
FNDA:3,get
FNDA:0,post
FNDA:0,put
FNDA:0,delete
DA:1,1
DA:2,1
DA:3,1
DA:4,1
DA:5,1
DA:6,3
DA:7,3
DA:8,3
DA:9,3
DA:10,3
DA:11,3
DA:12,3
DA:13,3
DA:14,2
DA:15,3
DA:16,1
DA:17,1
DA:18,0
DA:19,0
DA:20,1
DA:21,0
DA:22,0
DA:23,1
DA:24,0
DA:25,0
DA:26,1
LF:26
LH:20
BRDA:5,0,0,3
BRDA:5,1,0,3
BRDA:14,2,0,2
BRF:3
BRH:3
end_of_record
TN:
SF:src\js-foundation\plugins\logger.plugin.ts
FN:24,buildLogger
FN:26,log
FN:29,error
FNF:3
FNH:2
FNDA:2,buildLogger
FNDA:1,log
FNDA:0,error
DA:1,1
DA:2,1
DA:3,1
DA:4,1
DA:5,1
DA:6,1
DA:7,1
DA:8,1
DA:9,1
DA:10,1
DA:11,1
DA:12,1
DA:13,1
DA:14,1
DA:15,1
DA:16,1
DA:17,1
DA:18,1
DA:19,1
DA:20,1
DA:21,1
DA:22,1
DA:23,1
DA:24,1
DA:25,2
DA:26,2
DA:27,1
DA:28,2
DA:29,2
DA:30,0
DA:31,0
DA:32,2
DA:33,2
LF:33
LH:31
BRDA:24,0,0,2
BRDA:26,1,0,1
BRF:2
BRH:2
end_of_record
